[STEP] [2025-09-08 07:25:30] Initializing restore process
[WARN] [2025-09-08 07:25:32] PHP CLI is disabled manually, plugin will omit all PHP CLI steps.
[SUCCESS] [2025-09-08 07:25:32] Restore process responded
[SUCCESS] [2025-09-08 07:25:32] Locking migration process
[STEP] [2025-09-08 07:25:32] Initializing restore process
[INFO] [2025-09-08 07:25:32] Backup & Migration version: 1.4.9.1
[INFO] [2025-09-08 07:25:32] Initializing custom error handler
[INFO] [2025-09-08 07:25:32] Site which will be restored: http://technical
[INFO] [2025-09-08 07:25:32] PHP Version: 8.1.9
[INFO] [2025-09-08 07:25:32] WP Version: 6.8.2
[INFO] [2025-09-08 07:25:32] MySQL Version: 8.0.30
[INFO] [2025-09-08 07:25:32] MySQL Max Length: 67108864
[INFO] [2025-09-08 07:25:32] Web server: Apache
[INFO] [2025-09-08 07:25:32] Max execution time (in seconds): 60
[INFO] [2025-09-08 07:25:32] Memory limit (server): 1536M
[INFO] [2025-09-08 07:25:32] Memory limit (wp-config): 40M
[INFO] [2025-09-08 07:25:32] Memory limit (wp-config admin): 1536M
[SUCCESS] [2025-09-08 07:25:32] Restore process initialized successfully.
[STEP] [2025-09-08 07:25:32] Free space checking...
[INFO] [2025-09-08 07:25:32] Checking if there is enough amount of free space
[INFO] [2025-09-08 07:25:32] Requires at least 457016963 bytes. [435.85 MB]
[INFO] [2025-09-08 07:25:32] Disk free space function is disabled by hosting.
[INFO] [2025-09-08 07:25:32] Using dummy file to check free space (it can take some time).
[SUCCESS] [2025-09-08 07:25:32] Confirmed, there is enough space on the device, checked: 457016963 bytes.
[STEP] [2025-09-08 07:25:32] Making new secret key for current restore process.
[SUCCESS] [2025-09-08 07:25:32] Secret key generated, it will be returned to you (ping).
[INFO] [2025-09-08 07:25:33] Secret key detected successfully (pong)!
[INFO] [2025-09-08 07:25:33] Making temporary directory
[STEP] [2025-09-08 07:25:33] Scanning archive...
[INFO] [2025-09-08 07:25:34] Scan found 11927 files inside the backup.
[STEP] [2025-09-08 07:25:35] Preparing batching technique for extraction...
[INFO] [2025-09-08 07:25:35] Files exported per batch: 300
[INFO] [2025-09-08 07:25:35] Using ZipArchive, omiting memory limit calculations...
[INFO] [2025-09-08 07:25:36] Extraction milestone: 300/11928 (2.52%)
[INFO] [2025-09-08 07:25:38] Extraction milestone: 600/11928 (5.04%)
[INFO] [2025-09-08 07:25:40] Extraction milestone: 900/11928 (7.55%)
[INFO] [2025-09-08 07:25:43] Extraction milestone: 1200/11928 (10.07%)
[INFO] [2025-09-08 07:25:45] Extraction milestone: 1500/11928 (12.58%)
[INFO] [2025-09-08 07:25:48] Extraction milestone: 1800/11928 (15.10%)
[INFO] [2025-09-08 07:25:51] Extraction milestone: 2100/11928 (17.61%)
[INFO] [2025-09-08 07:25:55] Extraction milestone: 2400/11928 (20.13%)
[INFO] [2025-09-08 07:25:57] Extraction milestone: 2700/11928 (22.64%)
[INFO] [2025-09-08 07:26:00] Extraction milestone: 3000/11928 (25.16%)
[INFO] [2025-09-08 07:26:02] Extraction milestone: 3300/11928 (27.67%)
[INFO] [2025-09-08 07:26:05] Extraction milestone: 3600/11928 (30.19%)
[INFO] [2025-09-08 07:26:07] Extraction milestone: 3900/11928 (32.70%)
[INFO] [2025-09-08 07:26:09] Extraction milestone: 4200/11928 (35.22%)
[INFO] [2025-09-08 07:26:11] Extraction milestone: 4500/11928 (37.73%)
[INFO] [2025-09-08 07:26:13] Extraction milestone: 4800/11928 (40.25%)
[INFO] [2025-09-08 07:26:15] Extraction milestone: 5100/11928 (42.76%)
[INFO] [2025-09-08 07:26:18] Extraction milestone: 5400/11928 (45.28%)
[INFO] [2025-09-08 07:26:20] Extraction milestone: 5700/11928 (47.80%)
[INFO] [2025-09-08 07:26:22] Extraction milestone: 6000/11928 (50.31%)
[INFO] [2025-09-08 07:26:24] Extraction milestone: 6300/11928 (52.83%)
[INFO] [2025-09-08 07:26:27] Extraction milestone: 6600/11928 (55.34%)
[INFO] [2025-09-08 07:26:29] Extraction milestone: 6900/11928 (57.86%)
[INFO] [2025-09-08 07:26:33] Extraction milestone: 7200/11928 (60.37%)
[INFO] [2025-09-08 07:26:36] Extraction milestone: 7500/11928 (62.89%)
[INFO] [2025-09-08 07:26:38] Extraction milestone: 7800/11928 (65.40%)
[INFO] [2025-09-08 07:26:41] Extraction milestone: 8100/11928 (67.92%)
[INFO] [2025-09-08 07:26:44] Extraction milestone: 8400/11928 (70.43%)
[INFO] [2025-09-08 07:26:47] Extraction milestone: 8700/11928 (72.95%)
[INFO] [2025-09-08 07:26:50] Extraction milestone: 9000/11928 (75.46%)
[INFO] [2025-09-08 07:26:52] Extraction milestone: 9300/11928 (77.98%)
[INFO] [2025-09-08 07:26:55] Extraction milestone: 9600/11928 (80.49%)
[INFO] [2025-09-08 07:26:58] Extraction milestone: 9900/11928 (83.01%)
[INFO] [2025-09-08 07:27:01] Extraction milestone: 10200/11928 (85.52%)
[INFO] [2025-09-08 07:27:03] Extraction milestone: 10500/11928 (88.04%)
[INFO] [2025-09-08 07:27:06] Extraction milestone: 10800/11928 (90.55%)
[INFO] [2025-09-08 07:27:08] Extraction milestone: 11100/11928 (93.07%)
[INFO] [2025-09-08 07:27:10] Extraction milestone: 11400/11928 (95.58%)
[INFO] [2025-09-08 07:27:12] Extraction milestone: 11700/11928 (98.10%)
[INFO] [2025-09-08 07:27:13] Extraction milestone: 11928/11928 (100.00%)
[SUCCESS] [2025-09-08 07:27:13] Files extracted...
[STEP] [2025-09-08 07:27:14] Saving wp-config file...
[SUCCESS] [2025-09-08 07:27:14] File wp-config saved
[STEP] [2025-09-08 07:27:15] Getting backup manifest...
[SUCCESS] [2025-09-08 07:27:15] Manifest loaded
[INFO] [2025-09-08 07:27:15] Backup Migration version used for that backup: 1.4.9.1
[STEP] [2025-09-08 07:27:15] Restoring files (this process may take a while)...
[INFO] [2025-09-08 07:27:16] File replacement progress: 500/11892 (4%)
[INFO] [2025-09-08 07:27:17] File replacement progress: 1000/11892 (8%)
[INFO] [2025-09-08 07:27:17] File replacement progress: 1500/11892 (12%)
[INFO] [2025-09-08 07:27:18] File replacement progress: 2000/11892 (16%)
[INFO] [2025-09-08 07:27:18] File replacement progress: 2500/11892 (21%)
[INFO] [2025-09-08 07:27:19] File replacement progress: 3000/11892 (25%)
[INFO] [2025-09-08 07:27:20] File replacement progress: 3500/11892 (29%)
[INFO] [2025-09-08 07:27:21] File replacement progress: 4000/11892 (33%)
[INFO] [2025-09-08 07:27:21] File replacement progress: 4500/11892 (37%)
[INFO] [2025-09-08 07:27:22] File replacement progress: 5000/11892 (42%)
[INFO] [2025-09-08 07:27:22] File replacement progress: 5500/11892 (46%)
[INFO] [2025-09-08 07:27:23] File replacement progress: 6000/11892 (50%)
[INFO] [2025-09-08 07:27:23] File replacement progress: 6500/11892 (54%)
[INFO] [2025-09-08 07:27:24] File replacement progress: 7000/11892 (58%)
[INFO] [2025-09-08 07:27:25] File replacement progress: 7500/11892 (63%)
[INFO] [2025-09-08 07:27:28] File replacement progress: 8000/11892 (67%)
[INFO] [2025-09-08 07:27:30] File replacement progress: 8500/11892 (71%)
[INFO] [2025-09-08 07:27:31] File replacement progress: 9000/11892 (75%)
[INFO] [2025-09-08 07:27:33] File replacement progress: 9500/11892 (79%)
[INFO] [2025-09-08 07:27:34] File replacement progress: 10000/11892 (84%)
[INFO] [2025-09-08 07:27:35] File replacement progress: 10500/11892 (88%)
[INFO] [2025-09-08 07:27:36] File replacement progress: 11000/11892 (92%)
[INFO] [2025-09-08 07:27:37] File replacement progress: 11500/11892 (96%)
[INFO] [2025-09-08 07:27:38] File replacement progress: 11892/11892 (100%)
[SUCCESS] [2025-09-08 07:27:38] All files restored successfully.
[STEP] [2025-09-08 07:27:40] Validating table prefix...
[INFO] [2025-09-08 07:27:40] Table prefix in manifest: wp_
[INFO] [2025-09-08 07:27:40] Detected table prefix: wp_
[INFO] [2025-09-08 07:27:40] Splitting process is disabled because v3 restore engine is enabled.
[STEP] [2025-09-08 07:27:41] Checking the database structure...
[INFO] [2025-09-08 07:27:41] Successfully detected backup created with v3 engine, importing...
[STEP] [2025-09-08 07:27:41] Restoring database (using v4 engine)...
[STEP] [2025-09-08 07:27:41] Started restoration of wp_actionscheduler_actions 1/27 (3.70%) table
[INFO] [2025-09-08 07:27:41] Cleaning up contents of wp_actionscheduler_actions table.
[INFO] [2025-09-08 07:27:41] Progress of wp_actionscheduler_actions: 1/2 (50.00%)
[SUCCESS] [2025-09-08 07:27:41] Table wp_actionscheduler_actions restoration took 0.48807 seconds
[STEP] [2025-09-08 07:27:43] Started restoration of wp_actionscheduler_claims 2/27 (7.41%) table
[INFO] [2025-09-08 07:27:43] Progress of wp_actionscheduler_claims: 1/2 (50.00%)
[INFO] [2025-09-08 07:27:44] Progress of wp_actionscheduler_claims: 2/2 (100.00%)
[SUCCESS] [2025-09-08 07:27:44] Table wp_actionscheduler_claims restoration took 1.03975 seconds
[STEP] [2025-09-08 07:27:45] Started restoration of wp_actionscheduler_groups 3/27 (11.11%) table
[INFO] [2025-09-08 07:27:45] Progress of wp_actionscheduler_groups: 1/3 (33.33%)
[INFO] [2025-09-08 07:27:46] Progress of wp_actionscheduler_groups: 2/3 (66.67%)
[INFO] [2025-09-08 07:27:47] Progress of wp_actionscheduler_groups: 3/3 (100.00%)
[SUCCESS] [2025-09-08 07:27:47] Table wp_actionscheduler_groups restoration took 2.06595 seconds
[STEP] [2025-09-08 07:27:48] Started restoration of wp_actionscheduler_logs 4/27 (14.81%) table
[INFO] [2025-09-08 07:27:48] Cleaning up contents of wp_actionscheduler_logs table.
[INFO] [2025-09-08 07:27:48] Progress of wp_actionscheduler_logs: 1/2 (50.00%)
[SUCCESS] [2025-09-08 07:27:48] Table wp_actionscheduler_logs restoration took 0.12282 seconds
[STEP] [2025-09-08 07:27:49] Started restoration of wp_commentmeta 5/27 (18.52%) table
[INFO] [2025-09-08 07:27:49] Progress of wp_commentmeta: 1/2 (50.00%)
[INFO] [2025-09-08 07:27:49] Progress of wp_commentmeta: 2/2 (100.00%)
[SUCCESS] [2025-09-08 07:27:49] Table wp_commentmeta restoration took 0.88261 seconds
[STEP] [2025-09-08 07:27:50] Started restoration of wp_comments 6/27 (22.22%) table
[INFO] [2025-09-08 07:27:50] Progress of wp_comments: 1/2 (50.00%)
[INFO] [2025-09-08 07:27:51] Progress of wp_comments: 2/2 (100.00%)
[SUCCESS] [2025-09-08 07:27:51] Table wp_comments restoration took 1.57702 seconds
[STEP] [2025-09-08 07:27:52] Started restoration of wp_links 7/27 (25.93%) table
[INFO] [2025-09-08 07:27:52] Progress of wp_links: 1/2 (50.00%)
[INFO] [2025-09-08 07:27:53] Progress of wp_links: 2/2 (100.00%)
[SUCCESS] [2025-09-08 07:27:53] Table wp_links restoration took 1.19537 seconds
[STEP] [2025-09-08 07:27:53] Started restoration of wp_options 8/27 (29.63%) table
[INFO] [2025-09-08 07:27:54] Progress of wp_options: 1/3 (33.33%)
[INFO] [2025-09-08 07:27:54] Progress of wp_options: 2/3 (66.67%)
[INFO] [2025-09-08 07:27:55] Progress of wp_options: 3/3 (100.00%)
[SUCCESS] [2025-09-08 07:27:55] Table wp_options restoration took 2.83926 seconds
[STEP] [2025-09-08 07:27:56] Started restoration of wp_postmeta 9/27 (33.33%) table
[INFO] [2025-09-08 07:27:56] Progress of wp_postmeta: 1/3 (33.33%)
[INFO] [2025-09-08 07:27:57] Progress of wp_postmeta: 2/3 (66.67%)
[INFO] [2025-09-08 07:27:58] Progress of wp_postmeta: 3/3 (100.00%)
[SUCCESS] [2025-09-08 07:27:58] Table wp_postmeta restoration took 2.39407 seconds
[STEP] [2025-09-08 07:27:59] Started restoration of wp_posts 10/27 (37.04%) table
[INFO] [2025-09-08 07:27:59] Progress of wp_posts: 1/20 (5.00%)
[INFO] [2025-09-08 07:28:00] Progress of wp_posts: 2/20 (10.00%)
[INFO] [2025-09-08 07:28:01] Progress of wp_posts: 3/20 (15.00%)
[INFO] [2025-09-08 07:28:02] Progress of wp_posts: 4/20 (20.00%)
[INFO] [2025-09-08 07:28:03] Progress of wp_posts: 5/20 (25.00%)
[INFO] [2025-09-08 07:28:04] Progress of wp_posts: 6/20 (30.00%)
[INFO] [2025-09-08 07:28:05] Progress of wp_posts: 7/20 (35.00%)
[INFO] [2025-09-08 07:28:05] Progress of wp_posts: 8/20 (40.00%)
[INFO] [2025-09-08 07:28:06] Progress of wp_posts: 9/20 (45.00%)
[INFO] [2025-09-08 07:28:07] Progress of wp_posts: 10/20 (50.00%)
[INFO] [2025-09-08 07:28:08] Progress of wp_posts: 11/20 (55.00%)
[INFO] [2025-09-08 07:28:09] Progress of wp_posts: 12/20 (60.00%)
[INFO] [2025-09-08 07:28:10] Progress of wp_posts: 13/20 (65.00%)
[INFO] [2025-09-08 07:28:11] Progress of wp_posts: 14/20 (70.00%)
[INFO] [2025-09-08 07:28:12] Progress of wp_posts: 15/20 (75.00%)
[INFO] [2025-09-08 07:28:13] Progress of wp_posts: 16/20 (80.00%)
[INFO] [2025-09-08 07:28:14] Progress of wp_posts: 17/20 (85.00%)
[INFO] [2025-09-08 07:28:15] Progress of wp_posts: 18/20 (90.00%)
[INFO] [2025-09-08 07:28:16] Progress of wp_posts: 19/20 (95.00%)
[INFO] [2025-09-08 07:28:16] Progress of wp_posts: 20/20 (100.00%)
[SUCCESS] [2025-09-08 07:28:16] Table wp_posts restoration took 17.93108 seconds
[STEP] [2025-09-08 07:28:17] Started restoration of wp_redirects 11/27 (40.74%) table
[INFO] [2025-09-08 07:28:17] Progress of wp_redirects: 1/3 (33.33%)
[INFO] [2025-09-08 07:28:18] Progress of wp_redirects: 2/3 (66.67%)
[INFO] [2025-09-08 07:28:19] Progress of wp_redirects: 3/3 (100.00%)
[SUCCESS] [2025-09-08 07:28:19] Table wp_redirects restoration took 2.32349 seconds
[STEP] [2025-09-08 07:28:20] Started restoration of wp_term_relationships 12/27 (44.44%) table
[INFO] [2025-09-08 07:28:20] Progress of wp_term_relationships: 1/3 (33.33%)
[INFO] [2025-09-08 07:28:20] Progress of wp_term_relationships: 2/3 (66.67%)
[INFO] [2025-09-08 07:28:21] Progress of wp_term_relationships: 3/3 (100.00%)
[SUCCESS] [2025-09-08 07:28:21] Table wp_term_relationships restoration took 1.81791 seconds
[STEP] [2025-09-08 07:28:22] Started restoration of wp_term_taxonomy 13/27 (48.15%) table
[INFO] [2025-09-08 07:28:22] Progress of wp_term_taxonomy: 1/3 (33.33%)
[INFO] [2025-09-08 07:28:23] Progress of wp_term_taxonomy: 2/3 (66.67%)
[INFO] [2025-09-08 07:28:24] Progress of wp_term_taxonomy: 3/3 (100.00%)
[SUCCESS] [2025-09-08 07:28:24] Table wp_term_taxonomy restoration took 2.23737 seconds
[STEP] [2025-09-08 07:28:25] Started restoration of wp_termmeta 14/27 (51.85%) table
[INFO] [2025-09-08 07:28:25] Progress of wp_termmeta: 1/2 (50.00%)
[INFO] [2025-09-08 07:28:25] Progress of wp_termmeta: 2/2 (100.00%)
[SUCCESS] [2025-09-08 07:28:25] Table wp_termmeta restoration took 0.85624 seconds
[STEP] [2025-09-08 07:28:26] Started restoration of wp_terms 15/27 (55.56%) table
[INFO] [2025-09-08 07:28:26] Progress of wp_terms: 1/3 (33.33%)
[INFO] [2025-09-08 07:28:27] Progress of wp_terms: 2/3 (66.67%)
[INFO] [2025-09-08 07:28:28] Progress of wp_terms: 3/3 (100.00%)
[SUCCESS] [2025-09-08 07:28:28] Table wp_terms restoration took 2.43042 seconds
[STEP] [2025-09-08 07:28:29] Started restoration of wp_usermeta 16/27 (59.26%) table
[INFO] [2025-09-08 07:28:29] Progress of wp_usermeta: 1/3 (33.33%)
[INFO] [2025-09-08 07:28:30] Progress of wp_usermeta: 2/3 (66.67%)
[INFO] [2025-09-08 07:28:30] Progress of wp_usermeta: 3/3 (100.00%)
[SUCCESS] [2025-09-08 07:28:30] Table wp_usermeta restoration took 1.87455 seconds
[STEP] [2025-09-08 07:28:31] Started restoration of wp_users 17/27 (62.96%) table
[INFO] [2025-09-08 07:28:31] Progress of wp_users: 1/3 (33.33%)
[INFO] [2025-09-08 07:28:32] Progress of wp_users: 2/3 (66.67%)
[INFO] [2025-09-08 07:28:33] Progress of wp_users: 3/3 (100.00%)
[SUCCESS] [2025-09-08 07:28:33] Table wp_users restoration took 2.45113 seconds
[STEP] [2025-09-08 07:28:34] Started restoration of wp_wpfm_backup 18/27 (66.67%) table
[INFO] [2025-09-08 07:28:34] Progress of wp_wpfm_backup: 1/2 (50.00%)
[INFO] [2025-09-08 07:28:35] Progress of wp_wpfm_backup: 2/2 (100.00%)
[SUCCESS] [2025-09-08 07:28:35] Table wp_wpfm_backup restoration took 1.06463 seconds
[STEP] [2025-09-08 07:28:35] Started restoration of wp_wpforms_logs 19/27 (70.37%) table
[INFO] [2025-09-08 07:28:35] Progress of wp_wpforms_logs: 1/3 (33.33%)
[INFO] [2025-09-08 07:28:36] Progress of wp_wpforms_logs: 2/3 (66.67%)
[INFO] [2025-09-08 07:28:37] Progress of wp_wpforms_logs: 3/3 (100.00%)
[SUCCESS] [2025-09-08 07:28:37] Table wp_wpforms_logs restoration took 2.66300 seconds
[STEP] [2025-09-08 07:28:38] Started restoration of wp_wpforms_payment_meta 20/27 (74.07%) table
[INFO] [2025-09-08 07:28:38] Progress of wp_wpforms_payment_meta: 1/2 (50.00%)
[INFO] [2025-09-08 07:28:39] Progress of wp_wpforms_payment_meta: 2/2 (100.00%)
[SUCCESS] [2025-09-08 07:28:39] Table wp_wpforms_payment_meta restoration took 1.25674 seconds
[STEP] [2025-09-08 07:28:40] Started restoration of wp_wpforms_payments 21/27 (77.78%) table
[INFO] [2025-09-08 07:28:40] Progress of wp_wpforms_payments: 1/2 (50.00%)
[INFO] [2025-09-08 07:28:40] Progress of wp_wpforms_payments: 2/2 (100.00%)
[SUCCESS] [2025-09-08 07:28:40] Table wp_wpforms_payments restoration took 0.93936 seconds
[STEP] [2025-09-08 07:28:41] Started restoration of wp_wpforms_tasks_meta 22/27 (81.48%) table
[INFO] [2025-09-08 07:28:41] Progress of wp_wpforms_tasks_meta: 1/3 (33.33%)
[INFO] [2025-09-08 07:28:42] Progress of wp_wpforms_tasks_meta: 2/3 (66.67%)
[INFO] [2025-09-08 07:28:43] Progress of wp_wpforms_tasks_meta: 3/3 (100.00%)
[SUCCESS] [2025-09-08 07:28:43] Table wp_wpforms_tasks_meta restoration took 2.29055 seconds
[STEP] [2025-09-08 07:28:44] Started restoration of wp_yoast_indexable 23/27 (85.19%) table
[INFO] [2025-09-08 07:28:44] Cleaning up contents of wp_yoast_indexable table.
[INFO] [2025-09-08 07:28:44] Progress of wp_yoast_indexable: 1/2 (50.00%)
[SUCCESS] [2025-09-08 07:28:44] Table wp_yoast_indexable restoration took 0.11387 seconds
[STEP] [2025-09-08 07:28:44] Started restoration of wp_yoast_indexable_hierarchy 24/27 (88.89%) table
[INFO] [2025-09-08 07:28:45] Progress of wp_yoast_indexable_hierarchy: 1/3 (33.33%)
[INFO] [2025-09-08 07:28:45] Progress of wp_yoast_indexable_hierarchy: 2/3 (66.67%)
[INFO] [2025-09-08 07:28:46] Progress of wp_yoast_indexable_hierarchy: 3/3 (100.00%)
[SUCCESS] [2025-09-08 07:28:46] Table wp_yoast_indexable_hierarchy restoration took 2.54037 seconds
[STEP] [2025-09-08 07:28:47] Started restoration of wp_yoast_migrations 25/27 (92.59%) table
[INFO] [2025-09-08 07:28:47] Progress of wp_yoast_migrations: 1/3 (33.33%)
[INFO] [2025-09-08 07:28:48] Progress of wp_yoast_migrations: 2/3 (66.67%)
[INFO] [2025-09-08 07:28:48] Progress of wp_yoast_migrations: 3/3 (100.00%)
[SUCCESS] [2025-09-08 07:28:48] Table wp_yoast_migrations restoration took 1.89477 seconds
[STEP] [2025-09-08 07:28:49] Started restoration of wp_yoast_primary_term 26/27 (96.30%) table
[INFO] [2025-09-08 07:28:49] Progress of wp_yoast_primary_term: 1/3 (33.33%)
[INFO] [2025-09-08 07:28:50] Progress of wp_yoast_primary_term: 2/3 (66.67%)
[INFO] [2025-09-08 07:28:51] Progress of wp_yoast_primary_term: 3/3 (100.00%)
[SUCCESS] [2025-09-08 07:28:51] Table wp_yoast_primary_term restoration took 2.21673 seconds
[STEP] [2025-09-08 07:28:52] Started restoration of wp_yoast_seo_links 27/27 (100.00%) table
[INFO] [2025-09-08 07:28:52] Progress of wp_yoast_seo_links: 1/3 (33.33%)
[INFO] [2025-09-08 07:28:53] Progress of wp_yoast_seo_links: 2/3 (66.67%)
[INFO] [2025-09-08 07:28:54] Progress of wp_yoast_seo_links: 3/3 (100.00%)
[SUCCESS] [2025-09-08 07:28:54] Table wp_yoast_seo_links restoration took 2.00759 seconds
[VERBOSE] [2025-09-08 07:28:55] Previous detected domain: katsuoncasi.com
[VERBOSE] [2025-09-08 07:28:55] Previous detected domain parsed: katsuoncasi.com
[VERBOSE] [2025-09-08 07:28:55] New detected domain: technical
[VERBOSE] [2025-09-08 07:28:55] SSL: http://
[VERBOSE] [2025-09-08 07:28:55] Previous ABSPATH: /home/u5730237/katsuoncasi.com/
[VERBOSE] [2025-09-08 07:28:55] New detected ABSPATH: C:\OSPanel\domains\Technical/
[STEP] [2025-09-08 07:28:55] Performing Search & Replace
[INFO] [2025-09-08 07:28:55] Page size for that restoration: 50
[STEP] [2025-09-08 07:28:55] Performing database adjustments for table 1/27: 1757315678_wp_actionscheduler_actions (3.70%)
[INFO] [2025-09-08 07:29:01] Adjustments are not required for this table.
[STEP] [2025-09-08 07:29:02] Performing database adjustments for table 2/27: 1757315678_wp_actionscheduler_claims (7.41%)
[INFO] [2025-09-08 07:29:08] Adjustments are not required for this table.
[STEP] [2025-09-08 07:29:09] Performing database adjustments for table 3/27: 1757315678_wp_actionscheduler_groups (11.11%)
[INFO] [2025-09-08 07:29:15] Adjustments are not required for this table.
[STEP] [2025-09-08 07:29:16] Performing database adjustments for table 4/27: 1757315678_wp_actionscheduler_logs (14.81%)
[INFO] [2025-09-08 07:29:22] Adjustments are not required for this table.
[STEP] [2025-09-08 07:29:23] Performing database adjustments for table 5/27: 1757315678_wp_commentmeta (18.52%)
[INFO] [2025-09-08 07:29:29] Adjustments are not required for this table.
[STEP] [2025-09-08 07:29:30] Performing database adjustments for table 6/27: 1757315678_wp_comments (22.22%)
[INFO] [2025-09-08 07:29:36] Adjustments are not required for this table.
[STEP] [2025-09-08 07:29:37] Performing database adjustments for table 7/27: 1757315678_wp_links (25.93%)
[INFO] [2025-09-08 07:29:43] Adjustments are not required for this table.
[STEP] [2025-09-08 07:29:44] Performing database adjustments for table 8/27: 1757315678_wp_options (29.63%)
[INFO] [2025-09-08 07:29:44] Batch for path adjustment (1/1) updated: 4 fields.
[INFO] [2025-09-08 07:29:46] Batch for domain (variant C) adjustments (1/1) updated: 5 fields.
[INFO] [2025-09-08 07:29:48] Batch for domain (variant F) adjustments (1/1) updated: 1 fields.
[STEP] [2025-09-08 07:29:50] Performing database adjustments for table 9/27: 1757315678_wp_postmeta (33.33%)
[INFO] [2025-09-08 07:29:53] Batch for domain (variant C) adjustments (1/2) updated: 50 fields.
[INFO] [2025-09-08 07:29:55] Batch for domain (variant C) adjustments (2/2) updated: 3 fields.
[INFO] [2025-09-08 07:29:58] Batch for domain (variant F) adjustments (1/1) updated: 3 fields.
[STEP] [2025-09-08 07:29:59] Performing database adjustments for table 10/27: 1757315678_wp_posts (37.04%)
[INFO] [2025-09-08 07:30:03] Batch for domain (variant C) adjustments (1/25) updated: 50 fields.
[INFO] [2025-09-08 07:30:04] Batch for domain (variant C) adjustments (2/25) updated: 50 fields.
[INFO] [2025-09-08 07:30:06] Batch for domain (variant C) adjustments (3/25) updated: 50 fields.
[INFO] [2025-09-08 07:30:08] Batch for domain (variant C) adjustments (4/25) updated: 50 fields.
[INFO] [2025-09-08 07:30:09] Batch for domain (variant C) adjustments (5/25) updated: 50 fields.
[INFO] [2025-09-08 07:30:11] Batch for domain (variant C) adjustments (6/25) updated: 50 fields.
[INFO] [2025-09-08 07:30:12] Batch for domain (variant C) adjustments (7/25) updated: 50 fields.
[INFO] [2025-09-08 07:30:13] Batch for domain (variant C) adjustments (8/25) updated: 50 fields.
[INFO] [2025-09-08 07:30:15] Batch for domain (variant C) adjustments (9/25) updated: 50 fields.
[INFO] [2025-09-08 07:30:16] Batch for domain (variant C) adjustments (10/25) updated: 50 fields.
[INFO] [2025-09-08 07:30:18] Batch for domain (variant C) adjustments (11/25) updated: 50 fields.
[INFO] [2025-09-08 07:30:19] Batch for domain (variant C) adjustments (12/25) updated: 50 fields.
[INFO] [2025-09-08 07:30:21] Batch for domain (variant C) adjustments (13/25) updated: 50 fields.
[INFO] [2025-09-08 07:30:22] Batch for domain (variant C) adjustments (14/25) updated: 50 fields.
[INFO] [2025-09-08 07:30:23] Batch for domain (variant C) adjustments (15/25) updated: 50 fields.
[INFO] [2025-09-08 07:30:25] Batch for domain (variant C) adjustments (16/25) updated: 50 fields.
[INFO] [2025-09-08 07:30:26] Batch for domain (variant C) adjustments (17/25) updated: 50 fields.
[INFO] [2025-09-08 07:30:27] Batch for domain (variant C) adjustments (18/25) updated: 50 fields.
[INFO] [2025-09-08 07:30:29] Batch for domain (variant C) adjustments (19/25) updated: 50 fields.
[INFO] [2025-09-08 07:30:30] Batch for domain (variant C) adjustments (20/25) updated: 50 fields.
[INFO] [2025-09-08 07:30:32] Batch for domain (variant C) adjustments (21/25) updated: 50 fields.
[INFO] [2025-09-08 07:30:34] Batch for domain (variant C) adjustments (22/25) updated: 50 fields.
[INFO] [2025-09-08 07:30:35] Batch for domain (variant C) adjustments (23/25) updated: 50 fields.
[INFO] [2025-09-08 07:30:37] Batch for domain (variant C) adjustments (24/25) updated: 50 fields.
[INFO] [2025-09-08 07:30:38] Batch for domain (variant C) adjustments (25/25) updated: 50 fields.
[INFO] [2025-09-08 07:30:41] Batch for domain (variant F) adjustments (1/1) updated: 3 fields.
[STEP] [2025-09-08 07:30:43] Performing database adjustments for table 11/27: 1757315678_wp_redirects (40.74%)
[INFO] [2025-09-08 07:30:49] Adjustments are not required for this table.
[STEP] [2025-09-08 07:30:50] Performing database adjustments for table 12/27: 1757315678_wp_term_relationships (44.44%)
[INFO] [2025-09-08 07:30:56] Adjustments are not required for this table.
[STEP] [2025-09-08 07:30:57] Performing database adjustments for table 13/27: 1757315678_wp_term_taxonomy (48.15%)
[INFO] [2025-09-08 07:31:03] Adjustments are not required for this table.
[STEP] [2025-09-08 07:31:04] Performing database adjustments for table 14/27: 1757315678_wp_termmeta (51.85%)
[INFO] [2025-09-08 07:31:10] Adjustments are not required for this table.
[STEP] [2025-09-08 07:31:11] Performing database adjustments for table 15/27: 1757315678_wp_terms (55.56%)
[INFO] [2025-09-08 07:31:17] Adjustments are not required for this table.
[STEP] [2025-09-08 07:31:18] Performing database adjustments for table 16/27: 1757315678_wp_usermeta (59.26%)
[INFO] [2025-09-08 07:31:25] Adjustments are not required for this table.
[STEP] [2025-09-08 07:31:26] Performing database adjustments for table 17/27: 1757315678_wp_users (62.96%)
[INFO] [2025-09-08 07:31:28] Batch for domain (variant C) adjustments (1/1) updated: 1 fields.
[STEP] [2025-09-08 07:31:33] Performing database adjustments for table 18/27: 1757315678_wp_wpfm_backup (66.67%)
[INFO] [2025-09-08 07:31:39] Adjustments are not required for this table.
[STEP] [2025-09-08 07:31:40] Performing database adjustments for table 19/27: 1757315678_wp_wpforms_logs (70.37%)
[INFO] [2025-09-08 07:31:46] Adjustments are not required for this table.
[STEP] [2025-09-08 07:31:46] Performing database adjustments for table 20/27: 1757315678_wp_wpforms_payment_meta (74.07%)
[INFO] [2025-09-08 07:31:53] Adjustments are not required for this table.
[STEP] [2025-09-08 07:31:54] Performing database adjustments for table 21/27: 1757315678_wp_wpforms_payments (77.78%)
[INFO] [2025-09-08 07:32:00] Adjustments are not required for this table.
[STEP] [2025-09-08 07:32:01] Performing database adjustments for table 22/27: 1757315678_wp_wpforms_tasks_meta (81.48%)
[INFO] [2025-09-08 07:32:07] Adjustments are not required for this table.
[STEP] [2025-09-08 07:32:08] Performing database adjustments for table 23/27: 1757315678_wp_yoast_indexable (85.19%)
[INFO] [2025-09-08 07:32:14] Adjustments are not required for this table.
[STEP] [2025-09-08 07:32:15] Performing database adjustments for table 24/27: 1757315678_wp_yoast_indexable_hierarchy (88.89%)
[INFO] [2025-09-08 07:32:22] Adjustments are not required for this table.
[STEP] [2025-09-08 07:32:23] Performing database adjustments for table 25/27: 1757315678_wp_yoast_migrations (92.59%)
[INFO] [2025-09-08 07:32:29] Adjustments are not required for this table.
[STEP] [2025-09-08 07:32:30] Performing database adjustments for table 26/27: 1757315678_wp_yoast_primary_term (96.30%)
[INFO] [2025-09-08 07:32:36] Adjustments are not required for this table.
[STEP] [2025-09-08 07:32:37] Performing database adjustments for table 27/27: 1757315678_wp_yoast_seo_links (100.00%)
[INFO] [2025-09-08 07:32:39] Batch for domain (variant C) adjustments (1/6) updated: 50 fields.
[INFO] [2025-09-08 07:32:40] Batch for domain (variant C) adjustments (2/6) updated: 50 fields.
[INFO] [2025-09-08 07:32:41] Batch for domain (variant C) adjustments (3/6) updated: 50 fields.
[INFO] [2025-09-08 07:32:42] Batch for domain (variant C) adjustments (4/6) updated: 50 fields.
[INFO] [2025-09-08 07:32:43] Batch for domain (variant C) adjustments (5/6) updated: 18 fields.
[INFO] [2025-09-08 07:32:44] Batch for domain (variant C) adjustments (6/6) updated: 1 fields.
[SUCCESS] [2025-09-08 07:32:49] Search & Replace finished successfully.
[SUCCESS] [2025-09-08 07:32:49] Database restored
[STEP] [2025-09-08 07:32:49] Performing table replacement
[INFO] [2025-09-08 07:32:49] Table 1757315678_wp_actionscheduler_actions renamed to wp_actionscheduler_actions
[INFO] [2025-09-08 07:32:49] Table 1757315678_wp_actionscheduler_claims renamed to wp_actionscheduler_claims
[INFO] [2025-09-08 07:32:49] Table 1757315678_wp_actionscheduler_groups renamed to wp_actionscheduler_groups
[INFO] [2025-09-08 07:32:49] Table 1757315678_wp_actionscheduler_logs renamed to wp_actionscheduler_logs
[INFO] [2025-09-08 07:32:49] Table 1757315678_wp_commentmeta renamed to wp_commentmeta
[INFO] [2025-09-08 07:32:49] Table 1757315678_wp_comments renamed to wp_comments
[INFO] [2025-09-08 07:32:50] Table 1757315678_wp_links renamed to wp_links
[INFO] [2025-09-08 07:32:50] Table 1757315678_wp_options renamed to wp_options
[INFO] [2025-09-08 07:32:50] Table 1757315678_wp_postmeta renamed to wp_postmeta
[INFO] [2025-09-08 07:32:50] Table 1757315678_wp_posts renamed to wp_posts
[INFO] [2025-09-08 07:32:50] Table 1757315678_wp_redirects renamed to wp_redirects
[INFO] [2025-09-08 07:32:50] Table 1757315678_wp_term_relationships renamed to wp_term_relationships
[INFO] [2025-09-08 07:32:50] Table 1757315678_wp_term_taxonomy renamed to wp_term_taxonomy
[INFO] [2025-09-08 07:32:50] Table 1757315678_wp_termmeta renamed to wp_termmeta
[INFO] [2025-09-08 07:32:50] Table 1757315678_wp_terms renamed to wp_terms
[INFO] [2025-09-08 07:32:50] Table 1757315678_wp_usermeta renamed to wp_usermeta
[INFO] [2025-09-08 07:32:50] Table 1757315678_wp_users renamed to wp_users
[INFO] [2025-09-08 07:32:50] Table 1757315678_wp_wpfm_backup renamed to wp_wpfm_backup
[INFO] [2025-09-08 07:32:50] Table 1757315678_wp_wpforms_logs renamed to wp_wpforms_logs
[INFO] [2025-09-08 07:32:50] Table 1757315678_wp_wpforms_payment_meta renamed to wp_wpforms_payment_meta
[INFO] [2025-09-08 07:32:50] Table 1757315678_wp_wpforms_payments renamed to wp_wpforms_payments
[INFO] [2025-09-08 07:32:50] Table 1757315678_wp_wpforms_tasks_meta renamed to wp_wpforms_tasks_meta
[INFO] [2025-09-08 07:32:50] Table 1757315678_wp_yoast_indexable renamed to wp_yoast_indexable
[INFO] [2025-09-08 07:32:50] Table 1757315678_wp_yoast_indexable_hierarchy renamed to wp_yoast_indexable_hierarchy
[INFO] [2025-09-08 07:32:50] Table 1757315678_wp_yoast_migrations renamed to wp_yoast_migrations
[INFO] [2025-09-08 07:32:50] Table 1757315678_wp_yoast_primary_term renamed to wp_yoast_primary_term
[INFO] [2025-09-08 07:32:50] Table 1757315678_wp_yoast_seo_links renamed to wp_yoast_seo_links
[SUCCESS] [2025-09-08 07:32:50] All tables replaced
[VERBOSE] [2025-09-08 07:32:50] Detected table prefix: wp_
[VERBOSE] [2025-09-08 07:32:50] Forwarded table prefix: wp_
[VERBOSE] [2025-09-08 07:32:50] Manifest table prefix: wp_
[STEP] [2025-09-08 07:32:50] Restoring wp-config file...
[SUCCESS] [2025-09-08 07:32:50] WP-Config restored
[STEP] [2025-09-08 07:32:50] Enabling plugins included in the backup
[VERBOSE] [2025-09-08 07:32:50] Detected version WP/PHP for plugin: header-footer/plugin.php, is (5.6/7.0)
[INFO] [2025-09-08 07:32:50] Plugin header-footer/plugin.php enabled successfully.
[VERBOSE] [2025-09-08 07:32:50] Detected version WP/PHP for plugin: wordpress-seo/wp-seo.php, is (6.6/7.4)
[INFO] [2025-09-08 07:32:50] Plugin wordpress-seo/wp-seo.php enabled successfully.
[VERBOSE] [2025-09-08 07:32:50] Detected version WP/PHP for plugin: wpforms-lite/wpforms.php, is (5.5/7.2)
[INFO] [2025-09-08 07:32:50] Plugin wpforms-lite/wpforms.php enabled successfully.
[VERBOSE] [2025-09-08 07:32:50] Detected version WP/PHP for plugin: autoptimize/autoptimize.php, is (5.3/5.6)
[INFO] [2025-09-08 07:32:50] Plugin autoptimize/autoptimize.php enabled successfully.
[VERBOSE] [2025-09-08 07:32:50] Detected version WP/PHP for plugin: lazy-blocks/lazy-blocks.php, is (6.2/7.2)
[INFO] [2025-09-08 07:32:50] Plugin lazy-blocks/lazy-blocks.php enabled successfully.
[VERBOSE] [2025-09-08 07:32:50] Detected version WP/PHP for plugin: optimole-wp/optimole-wp.php, is (5.5/7.4)
[INFO] [2025-09-08 07:32:50] Plugin optimole-wp/optimole-wp.php enabled successfully.
[VERBOSE] [2025-09-08 07:32:50] Detected version WP/PHP for plugin: kinvelPlugin/kinvelPlugin.php, is (5.7/7.0)
[INFO] [2025-09-08 07:32:50] Plugin kinvelPlugin/kinvelPlugin.php enabled successfully.
[VERBOSE] [2025-09-08 07:32:50] Detected version WP/PHP for plugin: webp-express/webp-express.php, is (4.0/5.6)
[INFO] [2025-09-08 07:32:50] Plugin webp-express/webp-express.php enabled successfully.
[VERBOSE] [2025-09-08 07:32:50] Detected version WP/PHP for plugin: backup-backup/backup-backup.php, is (4.6/5.6)
[INFO] [2025-09-08 07:32:50] Plugin backup-backup/backup-backup.php enabled successfully.
[VERBOSE] [2025-09-08 07:32:50] Detected version WP/PHP for plugin: duplicate-page/duplicatepage.php, is (3.4/0.0.0)
[VERBOSE] [2025-09-08 07:32:50] Detected version WP/PHP for plugin: duplicate-menu/duplicate-menu.php, is (3.4.2/0.0.0)
[VERBOSE] [2025-09-08 07:32:50] Detected version WP/PHP for plugin: advanced-custom-fields-pro/acf.php, is (6.0/7.4)
[INFO] [2025-09-08 07:32:50] Plugin advanced-custom-fields-pro/acf.php enabled successfully.
[VERBOSE] [2025-09-08 07:32:50] Detected version WP/PHP for plugin: duplicate-page/duplicatepage.php, is (3.4/0.0.0)
[VERBOSE] [2025-09-08 07:32:50] Detected version WP/PHP for plugin: duplicate-menu/duplicate-menu.php, is (3.4.2/0.0.0)
[VERBOSE] [2025-09-08 07:32:50] Detected version WP/PHP for plugin: wp-fastest-cache/wpFastestCache.php, is (5.3/0.0.0)
[VERBOSE] [2025-09-08 07:32:50] Detected version WP/PHP for plugin: eps-301-redirects/eps-301-redirects.php, is (4.0/5.2)
[INFO] [2025-09-08 07:32:50] Plugin eps-301-redirects/eps-301-redirects.php enabled successfully.
[VERBOSE] [2025-09-08 07:32:50] Detected version WP/PHP for plugin: duplicate-page/duplicatepage.php, is (3.4/0.0.0)
[VERBOSE] [2025-09-08 07:32:50] Detected version WP/PHP for plugin: duplicate-menu/duplicate-menu.php, is (3.4.2/0.0.0)
[VERBOSE] [2025-09-08 07:32:50] Detected version WP/PHP for plugin: wp-fastest-cache/wpFastestCache.php, is (5.3/0.0.0)
[VERBOSE] [2025-09-08 07:32:50] Detected version WP/PHP for plugin: wp-file-manager/file_folder_manager.php, is (4.0/5.2.4)
[INFO] [2025-09-08 07:32:50] Plugin wp-file-manager/file_folder_manager.php enabled successfully.
[VERBOSE] [2025-09-08 07:32:50] Detected version WP/PHP for plugin: duplicate-page/duplicatepage.php, is (3.4/0.0.0)
[VERBOSE] [2025-09-08 07:32:50] Detected version WP/PHP for plugin: duplicate-menu/duplicate-menu.php, is (3.4.2/0.0.0)
[VERBOSE] [2025-09-08 07:32:50] Detected version WP/PHP for plugin: wp-fastest-cache/wpFastestCache.php, is (5.3/0.0.0)
[VERBOSE] [2025-09-08 07:32:50] Detected version WP/PHP for plugin: post-type-switcher/post-type-switcher.php, is (5.0/7.0)
[INFO] [2025-09-08 07:32:50] Plugin post-type-switcher/post-type-switcher.php enabled successfully.
[VERBOSE] [2025-09-08 07:32:50] Detected version WP/PHP for plugin: duplicate-page/duplicatepage.php, is (3.4/0.0.0)
[VERBOSE] [2025-09-08 07:32:50] Detected version WP/PHP for plugin: duplicate-menu/duplicate-menu.php, is (3.4.2/0.0.0)
[VERBOSE] [2025-09-08 07:32:50] Detected version WP/PHP for plugin: wp-fastest-cache/wpFastestCache.php, is (5.3/0.0.0)
[VERBOSE] [2025-09-08 07:32:50] Detected version WP/PHP for plugin: duplicate-page/duplicatepage.php, is (3.4/0.0.0)
[VERBOSE] [2025-09-08 07:32:50] Detected version WP/PHP for plugin: duplicate-menu/duplicate-menu.php, is (3.4.2/0.0.0)
[VERBOSE] [2025-09-08 07:32:50] Detected version WP/PHP for plugin: wp-fastest-cache/wpFastestCache.php, is (5.3/0.0.0)
[WARN] [2025-09-08 07:32:50] Failed to enable plugin duplicate-page/duplicatepage.php, trying to not end at fatal error...
[WARN] [2025-09-08 07:32:50] Failed to enable plugin duplicate-menu/duplicate-menu.php, trying to not end at fatal error...
[WARN] [2025-09-08 07:32:50] Failed to enable plugin wp-fastest-cache/wpFastestCache.php, trying to not end at fatal error...
[SUCCESS] [2025-09-08 07:32:50] All plugins enabled, you are ready to go :)
[SUCCESS] [2025-09-08 07:32:50] Database restored
[STEP] [2025-09-08 07:32:50] Making new login session
[SUCCESS] [2025-09-08 07:32:50] User should be logged in
[STEP] [2025-09-08 07:32:50] Cleaning temporary files...
[INFO] [2025-09-08 07:32:51] Removing 1710 files
[SUCCESS] [2025-09-08 07:32:53] Temporary files cleaned
[INFO] [2025-09-08 07:32:53] Restore process took: 441 seconds.
[SUCCESS] [2025-09-08 07:32:53] Restore process completed
[STEP] [2025-09-08 07:32:53] Finalizing restored files
[INFO] [2025-09-08 07:32:53] Unlocking migration
[END-CODE] [2025-09-08 07:32:53] #001
