[08-Sep-2025 09:20:51 UTC] PHP Fatal error:  Uncaught Error: Call to undefined function get_lzb_meta() in C:\OSPanel\domains\Technical\wp-content\themes\sa-themes-bd\functions.php:188
Stack trace:
#0 C:\OSPanel\domains\Technical\wp-includes\shortcodes.php(434): cards_section_function()
#1 [internal function]: do_shortcode_tag()
#2 C:\OSPanel\domains\Technical\wp-includes\shortcodes.php(273): preg_replace_callback()
#3 C:\OSPanel\domains\Technical\wp-includes\class-wp-hook.php(324): do_shortcode()
#4 C:\OSPanel\domains\Technical\wp-includes\plugin.php(205): WP_Hook->apply_filters()
#5 C:\OSPanel\domains\Technical\wp-includes\rest-api\endpoints\class-wp-rest-posts-controller.php(1961): apply_filters()
#6 C:\OSPanel\domains\Technical\wp-includes\rest-api\endpoints\class-wp-rest-posts-controller.php(655): WP_REST_Posts_Controller->prepare_item_for_response()
#7 C:\OSPanel\domains\Technical\wp-includes\rest-api\class-wp-rest-server.php(1292): WP_REST_Posts_Controller->get_item()
#8 C:\OSPanel\domains\Technical\wp-includes\rest-api\class-wp-rest-server.php(1125): WP_REST_Server->respond_to_request()
#9 C:\OSPanel\domains\Technical\wp-includes\rest-api.php(586): WP_REST_Server->dispatch()
#10 C:\OSPanel\domains\Technical\wp-includes\rest-api.php(2973): rest_do_request()
#11 [internal function]: rest_preload_api_request()
#12 C:\OSPanel\domains\Technical\wp-includes\block-editor.php(757): array_reduce()
#13 C:\OSPanel\domains\Technical\wp-admin\edit-form-blocks.php(114): block_editor_rest_api_preload()
#14 C:\OSPanel\domains\Technical\wp-admin\post.php(187): require('C:\\OSPanel\\doma...')
#15 {main}
  thrown in C:\OSPanel\domains\Technical\wp-content\themes\sa-themes-bd\functions.php on line 188
[08-Sep-2025 09:20:52 UTC] PHP Fatal error:  Uncaught Error: Call to undefined function get_lzb_meta() in C:\OSPanel\domains\Technical\wp-content\themes\sa-themes-bd\functions.php:188
Stack trace:
#0 C:\OSPanel\domains\Technical\wp-includes\shortcodes.php(434): cards_section_function()
#1 [internal function]: do_shortcode_tag()
#2 C:\OSPanel\domains\Technical\wp-includes\shortcodes.php(273): preg_replace_callback()
#3 C:\OSPanel\domains\Technical\wp-includes\class-wp-hook.php(324): do_shortcode()
#4 C:\OSPanel\domains\Technical\wp-includes\plugin.php(205): WP_Hook->apply_filters()
#5 C:\OSPanel\domains\Technical\wp-includes\post-template.php(256): apply_filters()
#6 C:\OSPanel\domains\Technical\wp-content\themes\sa-themes-bd\page.php(3): the_content()
#7 C:\OSPanel\domains\Technical\wp-includes\template-loader.php(106): include('C:\\OSPanel\\doma...')
#8 C:\OSPanel\domains\Technical\wp-blog-header.php(19): require_once('C:\\OSPanel\\doma...')
#9 C:\OSPanel\domains\Technical\index.php(17): require('C:\\OSPanel\\doma...')
#10 {main}
  thrown in C:\OSPanel\domains\Technical\wp-content\themes\sa-themes-bd\functions.php on line 188
