Заміна тегів

div, article замінили на section
i, b, strong  замінили на span


Заміна селекторів

.page-template-about-author замінили на .XUoBiTL0QW3LE
.page-template-slot-review замінили на .CEDGwxw29
.descriptions-tile-items замінили на .DYrIjFkwhHv9E
.item-description-title замінили на .lzhmOzKFNtTcPnq
.item-description-group замінили на .NErGUDkVXTQR
.characteristics-items замінили на .SxgaTQMS
.block-characteristics замінили на .oFbUdMHIY4Mn
.article-preview-item замінили на .yyehIpuM8iuT
.slot-stat-col-right замінили на .TwMHTramQOCvr
.news-previews-items замінили на .wUbnokcWHf731SWN
.read-more-container замінили на .rEHnqyaLPAcb
.block-review-head-2 замінили на .bQPx8ig52
.top-block-subtitle замінили на .LLKxLCxyYb8TY
.slot-stat-col-left замінили на .PWOqjNJwVO
.block-banner-bonus замінили на .LVLjdiAjoH6MXRu
.block-best-casinos замінили на .HgNEXbcXKiOWGk0V
.links-group-title замінили на .wAXgJnAELvhM
.top-block-with-h1 замінили на .yoSFOmoQYpDLN
.description-group замінили на .zzwFqKDfTAE8H
.articles-previews замінили на .bSdIfdKL2SjnS1t1
.block-review-head замінили на .TomHEyzPWM4H2AR
.score-info-group замінили на .OiKRoJfSlRYHey
.links-group-list замінили на .vBKhY0NS8
.rate-author-wrap замінили на .OEsVgiRou3Td
.author-name-link замінили на .fWqAqa1Plz
.block-error-page замінили на .ywlgYNYtgKuE4vf8
.block-head-title замінили на .hszJpvkDljV
.page-subtitle-h3 замінили на .fBkRfgAkHYF
.page-subtitle-h4 замінили на .NWXPgFVXJ
.open-submenu-mob замінили на .NSZxEyyXX6yL0R
.notfound-picture замінили на .teXhnMiVlLpR
.video-frame-wrap замінили на .euqzaKzMUHbCD
.breadcrumbs-list замінили на .lRnUxCSfSxMZ
.error-page-title замінили на .DLjtepfdesOhZJ
.pros-cons-items замінили на .YMirgtevyOTSo
.block-blog-head замінили на .LKrBpF7hqhS
.item-info-group замінили на .PySWVk5ecbJI
.block-head-post замінили на .iZnMUmGk
.block-pros-cons замінили на .SciZsukvXQR7Im
.post-title-wrap замінили на .wjhfi2jBc
.other-info-wrap замінили на .RPNnByOkHonuAh44
.need-anim-pulse замінили на .mKQvpGOfqz
.post-published замінили на .vqAqZHrZH1UA
.published-page замінили на .foiLTGtp3Xgv6fDZ
.full-width-img замінили на .hbTo09KeOVUk
.block-comments замінили на .yMSFpu0QsG
.comments-items замінили на .TdZwzsdVqxYz
.item-published замінили на .LiCcFhEjYWS
.item-img-link замінили на .KUoQCGTCNMevmC4
.slot-stat-col замінили на .imgJmIHawxNbiC
.author-status замінили на .sKPwbZJxN3
.deposit-table замінили на .LiwiBKaAgIR
.clear-filters замінили на .fZhPUOOAtKwH
.buttons-group замінили на .wAmpxCjjIPk4zEo
.slot-stat-row замінили на .trjlVdTr2tR6YcY
.comments-form замінили на .wGqAvAqEZHHnGjj
.wrapper-links замінили на .uBhRYtPATfTyki22
.block-bonuses замінили на .qvrXFiQUJ
.group-content замінили на .vjUy54vJFJ5J
.bonuses-items замінили на .xlmIFg1nKX5ao
.read-more-btn замінили на .UUoOFZTKQLWyzx
.links-filters замінили на .UlFLiWpCNEa
.block-content замінили на .wOFCI2kSjym6B
.comment-info замінили на .AFEal3wW3jwW
.date-comment замінили на .YidciCyW5
.main-content замінили на .PeFOrJkT335J
.user-message замінили на .SiarGysO5CXH0y3
.sidebar-menu замінили на .YWjjk9c4
.rating-stars замінили на .XRFEmyzhcoTHuWz
.banner-title замінили на .UoPVXK3PDwK
.block-author замінили на .GEoGOtPQNfqqjR
.filter-group замінили на .DqjtwIDqBeZ
.page-content замінили на .bqsnL7AjVbpXR
.filters-wrap замінили на .MfvbxwyX3eoL
.page-title-1 замінили на .ttOKnNStIgHIN
.author-photo замінили на .HIQnu8tc6zhPt
.authorAbout замінили на .bqfItAeMx0O
.author-name замінили на .cmer0XjP
.links-group замінили на .yvcLVUuP
.block-slots замінили на .DOWlz7LHfQhP
.filter-name замінили на .ZncnzyzgcB
.cards-items замінили на .oDgXItgcCA
.casino-logo замінили на .olCugVN4WXw2G
.author-info замінили на .bLBEoxAG7i
.search-wrap замінили на .vRdVDEFewQoUj
.white-color замінили на .tmBOreAB78Ev
.semi-active замінили на .ZBOfnsKwgAr
.learn-more замінили на .cBIsltsilrX
.info-right замінили на .dNZlZimGFmcI7FV
.logo-item3 замінили на .ZkKGydTHCZ7f
.logos-list замінили на .jLgejisGpy7vfst
.logo-item1 замінили на .CYufua4HFjRa
.logo-item2 замінили на .YbbAUUj2oJ6IlC
.logo-item4 замінили на .AWupCBf1bsp9t
.block-head замінили на .RGLItQW9aH
.stat-value замінили на .XVgxXEP1JF
.bann-image замінили на .yUjoSkN253I
.img-review замінили на .ZEbTFkXgvXRN
.bonus-item замінили на .ZAOYv1NRyNdr
.score-info замінили на .nOaVpVKs61v8
.main-group замінили на .qGSIltTLQmLoI
.user-photo замінили на .huMDpSlLpX
.slot-label замінили на .BRBOAATfZs5B
.score-wrap замінили на .eUqIyO2oEmy6T
.item-text замінили на .jLvRgyUi2DnKH
.faq-items замінили на .aLhNneSpZ1O5w
.user-name замінили на .SUFXkKuPnV6g8mk
.copyright замінили на .VrREEH0i4yP
.item-pros замінили на .gIokOdMZ7
.item-cons замінили на .IHgFsboBZ
.depiction замінили на .uxcpYpQeX
.info-name замінили на .mecAzxHI8vvb
.big-title замінили на .BqgaXaXeHMc
.score-img замінили на .hESlezeL5Imoz
.logo-item замінили на .DTYhioWwXfS
.full-size замінили на .VQMJHWuociCCg
.with-icon замінили на .SHZRzuYEDpXjOCf
.recommend замінили на .iFbbZygETQm
.info-left замінили на .cDuZQjGrhcf6
.separator замінили на .roeatsi5KE
.col-value замінили на .CmTOgfmhqO2E7IYh
.slot-stat замінили на .IlCFhK8wJ
.slot-name замінили на .HFOqyQGvliz52
.small-img замінили на .kLsfZjH4CGYyx
.large-img замінили на .xqthmKBY5mS
.item-name замінили на .DvyQMDA7IB7E
.lang-list замінили на .OESCSFci70I70GL
.is-active замінили на .waeTfPgdJJEP
.slot-info замінили на .BqIJeVAzjV9L
.colorfull замінили на .xWTzKMm9VTB
.card-item замінили на .CJSnXPZmF2Jl
.card-name замінили на .gPFbemecT
.card-text замінили на .pnfEbXUsU0Dsl
.top-group замінили на .axsZfE3xNzA
.published замінили на .QQcGbchqdBs65Ei
.with-img замінили на .uaQATjNZJ1
.only-mob замінили на .FRHAjcEsQAT
.column-5 замінили на .ihVIsVxw
.btn-play замінили на .lSxZiErAjnsDTin
.error404 замінили на .SlmnudOyg9
.linkedin замінили на .DQsWMUsDfw
.img-left замінили на .UXYZNOK9pFtyGL
.column-3 замінили на .rcFHnqBtJsdoQl
.img-wrap замінили на .SuZhockAv7dz
.item-img замінили на .PpCWpAb2C2V9
.centered замінили на .pGogQv3MnXHv
.slot-img замінили на .XCuKthEN2OQnf0
.button-3 замінили на .fsMxwlrorxwwLFR6
.button-2 замінили на .EoXFIVifwrJ
.card-img замінили на .qKYJ6WZYW
.column-4 замінили на .bQUGYcsZWp
.column-2 замінили на .JaAgXBCqq
.column-1 замінили на .LOoqvoP6rrX1T
.button-1 замінили на .HKYDfj0abmr
.row-head замінили на .cVdjC8KmH
.top-wrap замінили на .nBMYyvZsMSwmkO
.continer замінили на .pJcVmdSgN3X
.section замінили на .WqpOVDTcdNifJuCq
.is-open замінили на .mojgHuxi2zoL6F
.boxGame замінили на .bzaYhmVZu53bf
.socials замінили на .hasMjGScosx
.updated замінили на .wBevOOSaC
.column1 замінили на .RtBposIDZ6S5J
.policy замінили на .FzUsozfyOheIb5Ic
.burger замінили на .YLhDOEawQoxqDW
.marker замінили на .ZsCBRiEHhjKWIb
.column замінили на .cOaNiWcYOOqn
.normal замінили на .SQcucmBbL
.group замінили на .zdtAvIhlr27
.votes замінили на .AbKnhMLKHjMIs1Gv
.upper замінили на .pehLMibmuhZI
.tags замінили на .jKITgip3jdD7VbI
.logo замінили на .oeZeosDE65cN
.show замінили на .SOCwuP6e
